Using pre-set license
Built from '2020.3/staging' branch; Version is '2020.3.25f1 (9b9180224418) revision 10195328'; Using compiler version '192528614'; Build Type 'Release'
OS: 'Windows 10  (10.0.19042) 64bit CoreSingleLanguage' Language: 'es' Physical Memory: 16185 MB
BatchMode: 1, IsHumanControllingUs: 0, StartBugReporterOnCrash: 0, Is64bit: 1, IsPro: 0

COMMAND LINE ARGUMENTS:
C:\Program Files\Unity\Hub\Editor\2020.3.25f1\Editor\Unity.exe
-adb2
-batchMode
-noUpm
-name
AssetImportWorker0
-projectPath
C:/Users/123/Documents/GitHub/holbertonschool-unity/0x05-unity-assets_models_textures
-logFile
Logs/AssetImportWorker0.log
-srvPort
59892
Successfully changed project path to: C:/Users/123/Documents/GitHub/holbertonschool-unity/0x05-unity-assets_models_textures
C:/Users/123/Documents/GitHub/holbertonschool-unity/0x05-unity-assets_models_textures
Using Asset Import Pipeline V2.
Refreshing native plugins compatible for Editor in 33.24 ms, found 2 plugins.
Preloading 0 native plugins for Editor in 0.00 ms.
Initialize engine version: 2020.3.25f1 (9b9180224418)
[Subsystems] Discovering subsystems at path C:/Program Files/Unity/Hub/Editor/2020.3.25f1/Editor/Data/Resources/UnitySubsystems
[Subsystems] Discovering subsystems at path C:/Users/123/Documents/GitHub/holbertonschool-unity/0x05-unity-assets_models_textures/Assets
GfxDevice: creating device client; threaded=0
Direct3D:
    Version:  Direct3D 11.0 [level 11.1]
    Renderer: NVIDIA GeForce GTX 1650 Ti (ID=0x1f95)
    Vendor:   
    VRAM:     3962 MB
    Driver:   27.21.14.6280
Initialize mono
Mono path[0] = 'C:/Program Files/Unity/Hub/Editor/2020.3.25f1/Editor/Data/Managed'
Mono path[1] = 'C:/Program Files/Unity/Hub/Editor/2020.3.25f1/Editor/Data/MonoBleedingEdge/lib/mono/unityjit'
Mono config path = 'C:/Program Files/Unity/Hub/Editor/2020.3.25f1/Editor/Data/MonoBleedingEdge/etc'
Using monoOptions --debugger-agent=transport=dt_socket,embedding=1,server=y,suspend=n,address=127.0.0.1:56664
Begin MonoManager ReloadAssembly
Registering precompiled unity dll's ...
Register platform support module: C:/Program Files/Unity/Hub/Editor/2020.3.25f1/Editor/Data/PlaybackEngines/WebGLSupport/UnityEditor.WebGL.Extensions.dll
Register platform support module: C:/Program Files/Unity/Hub/Editor/2020.3.25f1/Editor/Data/PlaybackEngines/MacStandaloneSupport/UnityEditor.OSXStandalone.Extensions.dll
Register platform support module: C:/Program Files/Unity/Hub/Editor/2020.3.25f1/Editor/Data/PlaybackEngines/WindowsStandaloneSupport/UnityEditor.WindowsStandalone.Extensions.dll
Register platform support module: C:/Program Files/Unity/Hub/Editor/2020.3.25f1/Editor/Data/PlaybackEngines/LinuxStandaloneSupport/UnityEditor.LinuxStandalone.Extensions.dll
Registered in 0.004093 seconds.
Native extension for LinuxStandalone target not found
Native extension for WindowsStandalone target not found
Native extension for OSXStandalone target not found
Native extension for WebGL target not found
Refreshing native plugins compatible for Editor in 32.89 ms, found 2 plugins.
Preloading 0 native plugins for Editor in 0.00 ms.
Mono: successfully reloaded assembly
- Completed reload, in  0.534 seconds
Domain Reload Profiling:
	ReloadAssembly (534ms)
		BeginReloadAssembly (54ms)
			ExecutionOrderSort (0ms)
			DisableScriptedObjects (0ms)
			BackupInstance (0ms)
			ReleaseScriptingObjects (0ms)
			CreateAndSetChildDomain (1ms)
		EndReloadAssembly (410ms)
			LoadAssemblies (54ms)
			RebuildTransferFunctionScriptingTraits (0ms)
			SetupTypeCache (140ms)
			ReleaseScriptCaches (0ms)
			RebuildScriptCaches (29ms)
			SetupLoadedEditorAssemblies (148ms)
				LogAssemblyErrors (0ms)
				InitializePlatformSupportModulesInManaged (6ms)
				SetLoadedEditorAssemblies (0ms)
				RefreshPlugins (33ms)
				BeforeProcessingInitializeOnLoad (12ms)
				ProcessInitializeOnLoadAttributes (72ms)
				ProcessInitializeOnLoadMethodAttributes (24ms)
				AfterProcessingInitializeOnLoad (0ms)
				EditorAssembliesLoaded (0ms)
			ExecutionOrderSort2 (0ms)
			AwakeInstancesAfterBackupRestoration (0ms)
Platform modules already initialized, skipping
Registering precompiled user dll's ...
Registered in 0.005923 seconds.
Begin MonoManager ReloadAssembly
Native extension for LinuxStandalone target not found
Native extension for WindowsStandalone target not found
Native extension for OSXStandalone target not found
Native extension for WebGL target not found
Refreshing native plugins compatible for Editor in 0.42 ms, found 2 plugins.
Preloading 0 native plugins for Editor in 0.00 ms.
Mono: successfully reloaded assembly
- Completed reload, in  1.016 seconds
Domain Reload Profiling:
	ReloadAssembly (1017ms)
		BeginReloadAssembly (138ms)
			ExecutionOrderSort (0ms)
			DisableScriptedObjects (4ms)
			BackupInstance (0ms)
			ReleaseScriptingObjects (0ms)
			CreateAndSetChildDomain (19ms)
		EndReloadAssembly (813ms)
			LoadAssemblies (87ms)
			RebuildTransferFunctionScriptingTraits (0ms)
			SetupTypeCache (312ms)
			ReleaseScriptCaches (1ms)
			RebuildScriptCaches (45ms)
			SetupLoadedEditorAssemblies (275ms)
				LogAssemblyErrors (0ms)
				InitializePlatformSupportModulesInManaged (8ms)
				SetLoadedEditorAssemblies (1ms)
				RefreshPlugins (1ms)
				BeforeProcessingInitializeOnLoad (83ms)
				ProcessInitializeOnLoadAttributes (168ms)
				ProcessInitializeOnLoadMethodAttributes (7ms)
				AfterProcessingInitializeOnLoad (8ms)
				EditorAssembliesLoaded (0ms)
			ExecutionOrderSort2 (0ms)
			AwakeInstancesAfterBackupRestoration (5ms)
Platform modules already initialized, skipping
========================================================================
Worker process is ready to serve import requests
Launched and connected shader compiler UnityShaderCompiler.exe after 0.08 seconds
Refreshing native plugins compatible for Editor in 0.40 ms, found 2 plugins.
Preloading 0 native plugins for Editor in 0.00 ms.
Unloading 1505 Unused Serialized files (Serialized files now loaded: 0)
System memory in use before: 69.4 MB.
System memory in use after: 69.5 MB.

Unloading 19 unused Assets to reduce memory usage. Loaded Objects now: 1939.
Total: 2.431200 ms (FindLiveObjects: 0.146100 ms CreateObjectMapping: 0.061100 ms MarkObjects: 2.166900 ms  DeleteObjects: 0.056100 ms)

AssetImportParameters requested are different than current active one (requested -> active):
  custom:framework-win-MediaFoundation: 216162199b28c13a410421893ffa2e32 -> 
  custom:video-decoder-ogg-theora: a1e56fd34408186e4bbccfd4996cb3dc -> 
  custom:container-muxer-webm: aa71ff27fc2769a1b78a27578f13a17b -> 
  custom:container-demuxer-webm: 4f35f7cbe854078d1ac9338744f61a02 -> 
  custom:container-demuxer-ogg: 62fdf1f143b41e24485cea50d1cbac27 -> 
  custom:video-encoder-webm-vp8: eb34c28f22e8b96e1ab97ce403110664 -> 
  custom:video-codec-MediaFoundation-h265: 746d11721c4dcdbdad8f713fa42b33f4 -> 
  custom:video-decoder-webm-vp8: 9c59270c3fd7afecdb556c50c9e8de78 -> 
  custom:audio-decoder-ogg-vorbis: bf7c407c2cedff20999df2af8eb42d56 -> 
  custom:audio-encoder-webm-vorbis: bf7c407c2cedff20999df2af8eb42d56 -> 
========================================================================
Received Import Request.
  path: Assets/Materials/Models/naturePack_078.obj
  artifactKey: Guid(058a695b1d7ad0845b1ee9188f9ea55e) Importer(815301076,1909f56bfc062723c751e8b465ee728b)
Start importing Assets/Materials/Models/naturePack_078.obj using Guid(058a695b1d7ad0845b1ee9188f9ea55e) Importer(815301076,1909f56bfc062723c751e8b465ee728b)  -> (artifact id: '0ee1f72e67f725c4996e266b95aec9b6') in 0.156704 seconds 
  Import took 0.159146 seconds .

========================================================================
Received Import Request.
  Time since last request: 0.000250 seconds.
  path: Assets/Materials/Models/naturePack_083.obj
  artifactKey: Guid(200a4e2ccf5cd5a4b98b751ca538c9de) Importer(815301076,1909f56bfc062723c751e8b465ee728b)
Start importing Assets/Materials/Models/naturePack_083.obj using Guid(200a4e2ccf5cd5a4b98b751ca538c9de) Importer(815301076,1909f56bfc062723c751e8b465ee728b)  -> (artifact id: '5b7e0d22473ecd08050f5a248696ae3e') in 0.032794 seconds 
  Import took 0.035227 seconds .

========================================================================
Received Import Request.
  Time since last request: 0.000219 seconds.
  path: Assets/Materials/Models/naturePack_079.obj
  artifactKey: Guid(ae3550d66c899804b997b5b5f87e544d) Importer(815301076,1909f56bfc062723c751e8b465ee728b)
Start importing Assets/Materials/Models/naturePack_079.obj using Guid(ae3550d66c899804b997b5b5f87e544d) Importer(815301076,1909f56bfc062723c751e8b465ee728b)  -> (artifact id: '175b4d7721271206108b6e4d14c3d0af') in 0.033713 seconds 
  Import took 0.036258 seconds .

========================================================================
Received Import Request.
  Time since last request: 0.000191 seconds.
  path: Assets/Materials/Models/naturePack_084.obj
  artifactKey: Guid(8a0ad3c3e8c703745a999a1e94adabb2) Importer(815301076,1909f56bfc062723c751e8b465ee728b)
Start importing Assets/Materials/Models/naturePack_084.obj using Guid(8a0ad3c3e8c703745a999a1e94adabb2) Importer(815301076,1909f56bfc062723c751e8b465ee728b)  -> (artifact id: '1ceada76ac208174259448b6a603819e') in 0.030494 seconds 
  Import took 0.032961 seconds .

========================================================================
Received Import Request.
  Time since last request: 0.000208 seconds.
  path: Assets/Materials/Models/naturePack_081.obj
  artifactKey: Guid(533685da81aa6a74585095781d0f1a38) Importer(815301076,1909f56bfc062723c751e8b465ee728b)
Start importing Assets/Materials/Models/naturePack_081.obj using Guid(533685da81aa6a74585095781d0f1a38) Importer(815301076,1909f56bfc062723c751e8b465ee728b)  -> (artifact id: '36ce97b7b8051ab443fb7ce5e01374ed') in 0.036901 seconds 
  Import took 0.039789 seconds .

========================================================================
Received Import Request.
  Time since last request: 0.000196 seconds.
  path: Assets/Materials/Models/naturePack_080.obj
  artifactKey: Guid(1f93414f5070afc48b0f1c37881133db) Importer(815301076,1909f56bfc062723c751e8b465ee728b)
Start importing Assets/Materials/Models/naturePack_080.obj using Guid(1f93414f5070afc48b0f1c37881133db) Importer(815301076,1909f56bfc062723c751e8b465ee728b)  -> (artifact id: '0d5fd9acbca0c053470de57c271f2d12') in 0.036005 seconds 
  Import took 0.038484 seconds .

========================================================================
Received Import Request.
  Time since last request: 0.000190 seconds.
  path: Assets/Materials/Models/naturePack_082.obj
  artifactKey: Guid(79349d6637337714087b8b8cc0aac366) Importer(815301076,1909f56bfc062723c751e8b465ee728b)
Start importing Assets/Materials/Models/naturePack_082.obj using Guid(79349d6637337714087b8b8cc0aac366) Importer(815301076,1909f56bfc062723c751e8b465ee728b)  -> (artifact id: 'cf3897ad83da78dff4d3fdc246f04a8f') in 0.035281 seconds 
  Import took 0.037739 seconds .

========================================================================
Received Import Request.
  Time since last request: 69.970446 seconds.
  path: Assets/Materials/Models/naturePack_085.obj
  artifactKey: Guid(186160b9d4fcb6f4f9b7566e5b7ecbcd) Importer(815301076,1909f56bfc062723c751e8b465ee728b)
Start importing Assets/Materials/Models/naturePack_085.obj using Guid(186160b9d4fcb6f4f9b7566e5b7ecbcd) Importer(815301076,1909f56bfc062723c751e8b465ee728b)  -> (artifact id: 'a8ae3f012626538ecb873198556de9ca') in 0.034294 seconds 
  Import took 0.037311 seconds .

========================================================================
Received Import Request.
  Time since last request: 0.000252 seconds.
  path: Assets/Materials/Models/naturePack_088.obj
  artifactKey: Guid(83474961718a3da4e80875ea74596239) Importer(815301076,1909f56bfc062723c751e8b465ee728b)
Start importing Assets/Materials/Models/naturePack_088.obj using Guid(83474961718a3da4e80875ea74596239) Importer(815301076,1909f56bfc062723c751e8b465ee728b)  -> (artifact id: '08dbb206b6fd0967b590b043af8390d5') in 0.034072 seconds 
  Import took 0.036847 seconds .

========================================================================
Received Import Request.
  Time since last request: 0.000240 seconds.
  path: Assets/Materials/Models/naturePack_087.obj
  artifactKey: Guid(c1a9f77a3b92d004aaa96fc4323e4ce6) Importer(815301076,1909f56bfc062723c751e8b465ee728b)
Start importing Assets/Materials/Models/naturePack_087.obj using Guid(c1a9f77a3b92d004aaa96fc4323e4ce6) Importer(815301076,1909f56bfc062723c751e8b465ee728b)  -> (artifact id: '1a582607efdef73e6c81b50641738c48') in 0.043016 seconds 
  Import took 0.045347 seconds .

========================================================================
Received Import Request.
  Time since last request: 0.000211 seconds.
  path: Assets/Materials/Models/naturePack_089.obj
  artifactKey: Guid(402783c1c57236f478790d509d70e8ad) Importer(815301076,1909f56bfc062723c751e8b465ee728b)
Start importing Assets/Materials/Models/naturePack_089.obj using Guid(402783c1c57236f478790d509d70e8ad) Importer(815301076,1909f56bfc062723c751e8b465ee728b)  -> (artifact id: '929dae00d3be9b7cab65ac9ada528a62') in 0.043202 seconds 
  Import took 0.045501 seconds .

========================================================================
Received Import Request.
  Time since last request: 0.000289 seconds.
  path: Assets/Materials/Models/naturePack_091.obj
  artifactKey: Guid(6f1f440f19f7e0f489fb7d646c892551) Importer(815301076,1909f56bfc062723c751e8b465ee728b)
Start importing Assets/Materials/Models/naturePack_091.obj using Guid(6f1f440f19f7e0f489fb7d646c892551) Importer(815301076,1909f56bfc062723c751e8b465ee728b)  -> (artifact id: '271c736f98d86b83baa8b6caf69f3c0c') in 0.049477 seconds 
  Import took 0.051937 seconds .

========================================================================
Received Import Request.
  Time since last request: 0.000217 seconds.
  path: Assets/Materials/Models/naturePack_090.obj
  artifactKey: Guid(acad03b6226fa914184cd8129e587a01) Importer(815301076,1909f56bfc062723c751e8b465ee728b)
Start importing Assets/Materials/Models/naturePack_090.obj using Guid(acad03b6226fa914184cd8129e587a01) Importer(815301076,1909f56bfc062723c751e8b465ee728b)  -> (artifact id: '4f4a9c2bf4b0d92788e36b930765a7ea') in 0.041921 seconds 
  Import took 0.044365 seconds .

========================================================================
Received Import Request.
  Time since last request: 0.000206 seconds.
  path: Assets/Materials/Models/naturePack_086.obj
  artifactKey: Guid(917dc2c9de09a63469603ac470577692) Importer(815301076,1909f56bfc062723c751e8b465ee728b)
Start importing Assets/Materials/Models/naturePack_086.obj using Guid(917dc2c9de09a63469603ac470577692) Importer(815301076,1909f56bfc062723c751e8b465ee728b)  -> (artifact id: '3b0501d7dff63342a7312ffafe3bdd36') in 0.043841 seconds 
  Import took 0.046263 seconds .

========================================================================
Received Import Request.
  Time since last request: 205.846299 seconds.
  path: Assets/Materials/Models/naturePack_092.obj
  artifactKey: Guid(a7d708db46cb6554783e89441a81cde1) Importer(815301076,1909f56bfc062723c751e8b465ee728b)
Start importing Assets/Materials/Models/naturePack_092.obj using Guid(a7d708db46cb6554783e89441a81cde1) Importer(815301076,1909f56bfc062723c751e8b465ee728b)  -> (artifact id: 'f9b10068a4680fdd0d86de099c18573e') in 0.043762 seconds 
  Import took 0.046812 seconds .

========================================================================
Received Import Request.
  Time since last request: 0.000236 seconds.
  path: Assets/Materials/Models/naturePack_098.obj
  artifactKey: Guid(529fbbf39b669384a9be40a3cc177550) Importer(815301076,1909f56bfc062723c751e8b465ee728b)
Start importing Assets/Materials/Models/naturePack_098.obj using Guid(529fbbf39b669384a9be40a3cc177550) Importer(815301076,1909f56bfc062723c751e8b465ee728b)  -> (artifact id: 'f9db23fedcef1c7dfb600c894f5d0449') in 0.042327 seconds 
  Import took 0.044606 seconds .

========================================================================
Received Import Request.
  Time since last request: 0.000274 seconds.
  path: Assets/Materials/Models/naturePack_093.obj
  artifactKey: Guid(67f1dbfef27af9d439c9016ef4bb74cf) Importer(815301076,1909f56bfc062723c751e8b465ee728b)
Start importing Assets/Materials/Models/naturePack_093.obj using Guid(67f1dbfef27af9d439c9016ef4bb74cf) Importer(815301076,1909f56bfc062723c751e8b465ee728b)  -> (artifact id: '36b0f62f28c5118bec96f5af2568ed6f') in 0.057748 seconds 
  Import took 0.060038 seconds .

========================================================================
Received Import Request.
  Time since last request: 0.000238 seconds.
  path: Assets/Materials/Models/naturePack_095.obj
  artifactKey: Guid(c0bb8c108e5d1b7459dff001461d2333) Importer(815301076,1909f56bfc062723c751e8b465ee728b)
Start importing Assets/Materials/Models/naturePack_095.obj using Guid(c0bb8c108e5d1b7459dff001461d2333) Importer(815301076,1909f56bfc062723c751e8b465ee728b)  -> (artifact id: '165b757c083f4d00bf2141694cd57f34') in 0.050637 seconds 
  Import took 0.052977 seconds .

========================================================================
Received Import Request.
  Time since last request: 0.000249 seconds.
  path: Assets/Materials/Models/naturePack_094.obj
  artifactKey: Guid(8bdc8a96d034aca4eb7cb0a3356431f7) Importer(815301076,1909f56bfc062723c751e8b465ee728b)
Start importing Assets/Materials/Models/naturePack_094.obj using Guid(8bdc8a96d034aca4eb7cb0a3356431f7) Importer(815301076,1909f56bfc062723c751e8b465ee728b)  -> (artifact id: '52401b87e0367a83d4b3ad2511f1b2aa') in 0.052095 seconds 
  Import took 0.054424 seconds .

========================================================================
Received Import Request.
  Time since last request: 0.000210 seconds.
  path: Assets/Materials/Models/naturePack_096.obj
  artifactKey: Guid(1aa20fc07b383614690e0a363319bfec) Importer(815301076,1909f56bfc062723c751e8b465ee728b)
Start importing Assets/Materials/Models/naturePack_096.obj using Guid(1aa20fc07b383614690e0a363319bfec) Importer(815301076,1909f56bfc062723c751e8b465ee728b)  -> (artifact id: 'f54345081dd30017fd456e958e802a39') in 0.060381 seconds 
  Import took 0.062698 seconds .

========================================================================
Received Import Request.
  Time since last request: 0.000271 seconds.
  path: Assets/Materials/Models/naturePack_097.obj
  artifactKey: Guid(1c0db4d0d31d5a84d9648e4866d1f546) Importer(815301076,1909f56bfc062723c751e8b465ee728b)
Start importing Assets/Materials/Models/naturePack_097.obj using Guid(1c0db4d0d31d5a84d9648e4866d1f546) Importer(815301076,1909f56bfc062723c751e8b465ee728b)  -> (artifact id: 'cc900b8537a61cc40231decca42fb021') in 0.045422 seconds 
  Import took 0.047769 seconds .

========================================================================
Received Import Request.
  Time since last request: 0.511250 seconds.
  path: Assets/Materials/Models/naturePack_099.obj
  artifactKey: Guid(1cc7bb5936caad5468c0049bf786183c) Importer(815301076,1909f56bfc062723c751e8b465ee728b)
Start importing Assets/Materials/Models/naturePack_099.obj using Guid(1cc7bb5936caad5468c0049bf786183c) Importer(815301076,1909f56bfc062723c751e8b465ee728b)  -> (artifact id: '2379b52f67cfee47f8498a523469fc7c') in 0.033860 seconds 
  Import took 0.036537 seconds .

========================================================================
Received Import Request.
  Time since last request: 0.000322 seconds.
  path: Assets/Materials/Models/naturePack_104.obj
  artifactKey: Guid(5de927ff272fc734a95731a6559468d7) Importer(815301076,1909f56bfc062723c751e8b465ee728b)
Start importing Assets/Materials/Models/naturePack_104.obj using Guid(5de927ff272fc734a95731a6559468d7) Importer(815301076,1909f56bfc062723c751e8b465ee728b)  -> (artifact id: 'f7f429b75924734e259b91adb167eff7') in 0.032751 seconds 
  Import took 0.035250 seconds .

========================================================================
Received Import Request.
  Time since last request: 0.000273 seconds.
  path: Assets/Materials/Models/naturePack_101.obj
  artifactKey: Guid(2f25017b723a09a4bb826f82f434d7aa) Importer(815301076,1909f56bfc062723c751e8b465ee728b)
Start importing Assets/Materials/Models/naturePack_101.obj using Guid(2f25017b723a09a4bb826f82f434d7aa) Importer(815301076,1909f56bfc062723c751e8b465ee728b)  -> (artifact id: '93f595097537dd5f4154482501f8e51d') in 0.051208 seconds 
  Import took 0.053628 seconds .

========================================================================
Received Import Request.
  Time since last request: 0.000241 seconds.
  path: Assets/Materials/Models/naturePack_102.obj
  artifactKey: Guid(218168208540d3d4b8f651bb993d96e7) Importer(815301076,1909f56bfc062723c751e8b465ee728b)
Start importing Assets/Materials/Models/naturePack_102.obj using Guid(218168208540d3d4b8f651bb993d96e7) Importer(815301076,1909f56bfc062723c751e8b465ee728b)  -> (artifact id: 'a89d7a9e4686e3dfa30f0fd9b37d7c15') in 0.039362 seconds 
  Import took 0.042026 seconds .

========================================================================
Received Import Request.
  Time since last request: 0.000373 seconds.
  path: Assets/Materials/Models/naturePack_105.obj
  artifactKey: Guid(f7b16421b61b04f4fac8376535d1fed4) Importer(815301076,1909f56bfc062723c751e8b465ee728b)
Start importing Assets/Materials/Models/naturePack_105.obj using Guid(f7b16421b61b04f4fac8376535d1fed4) Importer(815301076,1909f56bfc062723c751e8b465ee728b)  -> (artifact id: 'ff03330405daea2e37b8c9b7a2a9699d') in 0.041395 seconds 
  Import took 0.043750 seconds .

========================================================================
Received Import Request.
  Time since last request: 0.000188 seconds.
  path: Assets/Materials/Models/naturePack_103.obj
  artifactKey: Guid(63e73c091ff902749af2af908f5a2595) Importer(815301076,1909f56bfc062723c751e8b465ee728b)
Start importing Assets/Materials/Models/naturePack_103.obj using Guid(63e73c091ff902749af2af908f5a2595) Importer(815301076,1909f56bfc062723c751e8b465ee728b)  -> (artifact id: 'aeba083e68c26cc31c12146343f961c6') in 0.041367 seconds 
  Import took 0.043708 seconds .

========================================================================
Received Import Request.
  Time since last request: 0.000213 seconds.
  path: Assets/Materials/Models/naturePack_100.obj
  artifactKey: Guid(fd86039724f2634479f70f959cbe8039) Importer(815301076,1909f56bfc062723c751e8b465ee728b)
Start importing Assets/Materials/Models/naturePack_100.obj using Guid(fd86039724f2634479f70f959cbe8039) Importer(815301076,1909f56bfc062723c751e8b465ee728b)  -> (artifact id: 'f5e4966a5b3754868e611fe4b61bf3d2') in 0.049034 seconds 
  Import took 0.051381 seconds .

========================================================================
Received Import Request.
  Time since last request: 0.177584 seconds.
  path: Assets/Materials/Models/naturePack_106.obj
  artifactKey: Guid(f93a26541e6bd4246b40047623e240bd) Importer(815301076,1909f56bfc062723c751e8b465ee728b)
Start importing Assets/Materials/Models/naturePack_106.obj using Guid(f93a26541e6bd4246b40047623e240bd) Importer(815301076,1909f56bfc062723c751e8b465ee728b)  -> (artifact id: '4df0e12914276f19cf59f70b558721d1') in 0.028660 seconds 
  Import took 0.031733 seconds .

========================================================================
Received Import Request.
  Time since last request: 0.000278 seconds.
  path: Assets/Materials/Models/naturePack_109.obj
  artifactKey: Guid(e1f29ba433d9e294f98253ba733cb8af) Importer(815301076,1909f56bfc062723c751e8b465ee728b)
Start importing Assets/Materials/Models/naturePack_109.obj using Guid(e1f29ba433d9e294f98253ba733cb8af) Importer(815301076,1909f56bfc062723c751e8b465ee728b)  -> (artifact id: '301c9dfabc89ef3eaf4b7530c85cad32') in 0.049647 seconds 
  Import took 0.052067 seconds .

========================================================================
Received Import Request.
  Time since last request: 0.000213 seconds.
  path: Assets/Materials/Models/naturePack_110.obj
  artifactKey: Guid(b490690ea6ea2294fa734f83b384fd92) Importer(815301076,1909f56bfc062723c751e8b465ee728b)
Start importing Assets/Materials/Models/naturePack_110.obj using Guid(b490690ea6ea2294fa734f83b384fd92) Importer(815301076,1909f56bfc062723c751e8b465ee728b)  -> (artifact id: '66563ab5a2c6e2f18e6b110ba3d77ef7') in 0.045548 seconds 
  Import took 0.048437 seconds .

========================================================================
Received Import Request.
  Time since last request: 0.000252 seconds.
  path: Assets/Materials/Models/naturePack_111.obj
  artifactKey: Guid(1817108e7721bd54bbf53bd904021464) Importer(815301076,1909f56bfc062723c751e8b465ee728b)
Start importing Assets/Materials/Models/naturePack_111.obj using Guid(1817108e7721bd54bbf53bd904021464) Importer(815301076,1909f56bfc062723c751e8b465ee728b)  -> (artifact id: '6b857271babbc286797f8ef003df1ad2') in 0.046443 seconds 
  Import took 0.049279 seconds .

========================================================================
Received Import Request.
  Time since last request: 0.000258 seconds.
  path: Assets/Materials/Models/naturePack_108.obj
  artifactKey: Guid(259e9c25b402b1740b40dda63e33f7ad) Importer(815301076,1909f56bfc062723c751e8b465ee728b)
Start importing Assets/Materials/Models/naturePack_108.obj using Guid(259e9c25b402b1740b40dda63e33f7ad) Importer(815301076,1909f56bfc062723c751e8b465ee728b)  -> (artifact id: 'fc991a204eafbad76420a47c2f9a9583') in 0.046554 seconds 
  Import took 0.049194 seconds .

========================================================================
Received Import Request.
  Time since last request: 0.000320 seconds.
  path: Assets/Materials/Models/naturePack_112.obj
  artifactKey: Guid(15427dca8d3d10d48920ecfec624f839) Importer(815301076,1909f56bfc062723c751e8b465ee728b)
Start importing Assets/Materials/Models/naturePack_112.obj using Guid(15427dca8d3d10d48920ecfec624f839) Importer(815301076,1909f56bfc062723c751e8b465ee728b)  -> (artifact id: '74bf1a02fc8dacd72037ae1f25ed9698') in 0.042766 seconds 
  Import took 0.045479 seconds .

========================================================================
Received Import Request.
  Time since last request: 0.000218 seconds.
  path: Assets/Materials/Models/naturePack_107.obj
  artifactKey: Guid(587b4efcc9522e140821a966ef8b4594) Importer(815301076,1909f56bfc062723c751e8b465ee728b)
Start importing Assets/Materials/Models/naturePack_107.obj using Guid(587b4efcc9522e140821a966ef8b4594) Importer(815301076,1909f56bfc062723c751e8b465ee728b)  -> (artifact id: '306f8364ab9d1123be05ac9d59f76bef') in 0.043737 seconds 
  Import took 0.046060 seconds .

========================================================================
Received Import Request.
  Time since last request: 1.517473 seconds.
  path: Assets/Materials/Models/naturePack_113.obj
  artifactKey: Guid(9bd259d1dd57de6459f72ebd68f9aef3) Importer(815301076,1909f56bfc062723c751e8b465ee728b)
Start importing Assets/Materials/Models/naturePack_113.obj using Guid(9bd259d1dd57de6459f72ebd68f9aef3) Importer(815301076,1909f56bfc062723c751e8b465ee728b)  -> (artifact id: '2d85a99a9e79d3d4cad623cbbfb7b9e8') in 0.034342 seconds 
  Import took 0.037103 seconds .

========================================================================
Received Import Request.
  Time since last request: 0.000207 seconds.
  path: Assets/Materials/Models/naturePack_115.obj
  artifactKey: Guid(b2ffd93c693211b47bdd2364f0eabf5e) Importer(815301076,1909f56bfc062723c751e8b465ee728b)
Start importing Assets/Materials/Models/naturePack_115.obj using Guid(b2ffd93c693211b47bdd2364f0eabf5e) Importer(815301076,1909f56bfc062723c751e8b465ee728b)  -> (artifact id: 'd96f28b81a89f3649e4296efe9117384') in 0.035310 seconds 
  Import took 0.038039 seconds .

========================================================================
Received Import Request.
  Time since last request: 0.000251 seconds.
  path: Assets/Materials/Models/naturePack_117.obj
  artifactKey: Guid(7510733127f9e084d8baa4dc81223573) Importer(815301076,1909f56bfc062723c751e8b465ee728b)
Start importing Assets/Materials/Models/naturePack_117.obj using Guid(7510733127f9e084d8baa4dc81223573) Importer(815301076,1909f56bfc062723c751e8b465ee728b)  -> (artifact id: '011679ae5a2095ddfe5c84109ef294f4') in 0.043616 seconds 
  Import took 0.045871 seconds .

========================================================================
Received Import Request.
  Time since last request: 0.000248 seconds.
  path: Assets/Materials/Models/naturePack_118.obj
  artifactKey: Guid(c218a0e626b331642b771be0ebc42c5e) Importer(815301076,1909f56bfc062723c751e8b465ee728b)
Start importing Assets/Materials/Models/naturePack_118.obj using Guid(c218a0e626b331642b771be0ebc42c5e) Importer(815301076,1909f56bfc062723c751e8b465ee728b)  -> (artifact id: '32175689f04b9d2d6e7e938024d3a153') in 0.044273 seconds 
  Import took 0.046680 seconds .

========================================================================
Received Import Request.
  Time since last request: 0.000218 seconds.
  path: Assets/Materials/Models/naturePack_119.obj
  artifactKey: Guid(c7592d0c2499a8943b135e38b87be4ad) Importer(815301076,1909f56bfc062723c751e8b465ee728b)
Start importing Assets/Materials/Models/naturePack_119.obj using Guid(c7592d0c2499a8943b135e38b87be4ad) Importer(815301076,1909f56bfc062723c751e8b465ee728b)  -> (artifact id: 'c2e84ca05e905f1cb02053d343cde461') in 0.044113 seconds 
  Import took 0.046753 seconds .

========================================================================
Received Import Request.
  Time since last request: 0.000231 seconds.
  path: Assets/Materials/Models/naturePack_116.obj
  artifactKey: Guid(07b0d7fe74b8e2f42b87a6a9c35a4837) Importer(815301076,1909f56bfc062723c751e8b465ee728b)
Start importing Assets/Materials/Models/naturePack_116.obj using Guid(07b0d7fe74b8e2f42b87a6a9c35a4837) Importer(815301076,1909f56bfc062723c751e8b465ee728b)  -> (artifact id: '306488313b7bddfad174f5a1424db467') in 0.041532 seconds 
  Import took 0.043860 seconds .

========================================================================
Received Import Request.
  Time since last request: 0.000265 seconds.
  path: Assets/Materials/Models/naturePack_114.obj
  artifactKey: Guid(b7abd8c030575ac47a74c5a44236efe0) Importer(815301076,1909f56bfc062723c751e8b465ee728b)
Start importing Assets/Materials/Models/naturePack_114.obj using Guid(b7abd8c030575ac47a74c5a44236efe0) Importer(815301076,1909f56bfc062723c751e8b465ee728b)  -> (artifact id: '4d1cabd967a2788a3ae0b3b92772b967') in 0.044735 seconds 
  Import took 0.047267 seconds .

========================================================================
Received Import Request.
  Time since last request: 0.171884 seconds.
  path: Assets/Materials/Models/naturePack_120.obj
  artifactKey: Guid(2674f1151704f4441a834097db965f9b) Importer(815301076,1909f56bfc062723c751e8b465ee728b)
Start importing Assets/Materials/Models/naturePack_120.obj using Guid(2674f1151704f4441a834097db965f9b) Importer(815301076,1909f56bfc062723c751e8b465ee728b)  -> (artifact id: '5dee3f0e2a8ac3cd1d9c17840da9cd48') in 0.030055 seconds 
  Import took 0.032717 seconds .

========================================================================
Received Import Request.
  Time since last request: 0.000225 seconds.
  path: Assets/Materials/Models/naturePack_123.obj
  artifactKey: Guid(f4fb4ee23e51f454a80fbc0e75fee424) Importer(815301076,1909f56bfc062723c751e8b465ee728b)
Start importing Assets/Materials/Models/naturePack_123.obj using Guid(f4fb4ee23e51f454a80fbc0e75fee424) Importer(815301076,1909f56bfc062723c751e8b465ee728b)  -> (artifact id: 'a67fe3c62dfc5f81224710838ad9e2ab') in 0.030294 seconds 
  Import took 0.032611 seconds .

========================================================================
Received Import Request.
  Time since last request: 0.000253 seconds.
  path: Assets/Materials/Models/naturePack_126.obj
  artifactKey: Guid(14507179ea9fb5a41bb89c2b5f617c2c) Importer(815301076,1909f56bfc062723c751e8b465ee728b)
Start importing Assets/Materials/Models/naturePack_126.obj using Guid(14507179ea9fb5a41bb89c2b5f617c2c) Importer(815301076,1909f56bfc062723c751e8b465ee728b)  -> (artifact id: '4f5a53d81f8dc40b43389432d80f9b83') in 0.029446 seconds 
  Import took 0.031879 seconds .

========================================================================
Received Import Request.
  Time since last request: 0.000352 seconds.
  path: Assets/Materials/Models/naturePack_124.obj
  artifactKey: Guid(d56b8aef039c00a4692d5ce867b44ba8) Importer(815301076,1909f56bfc062723c751e8b465ee728b)
Start importing Assets/Materials/Models/naturePack_124.obj using Guid(d56b8aef039c00a4692d5ce867b44ba8) Importer(815301076,1909f56bfc062723c751e8b465ee728b)  -> (artifact id: '169fdf4007e44b4e2b712fc15048cf6e') in 0.026912 seconds 
  Import took 0.029942 seconds .

========================================================================
Received Import Request.
  Time since last request: 0.000229 seconds.
  path: Assets/Materials/Models/naturePack_121.obj
  artifactKey: Guid(7800cd4ed425cd04c9550830b3310eb5) Importer(815301076,1909f56bfc062723c751e8b465ee728b)
Start importing Assets/Materials/Models/naturePack_121.obj using Guid(7800cd4ed425cd04c9550830b3310eb5) Importer(815301076,1909f56bfc062723c751e8b465ee728b)  -> (artifact id: '97d5b73f7c49c7d1290081ec548cc17f') in 0.027932 seconds 
  Import took 0.030442 seconds .

========================================================================
Received Import Request.
  Time since last request: 0.000214 seconds.
  path: Assets/Materials/Models/naturePack_122.obj
  artifactKey: Guid(d9119506539f6e0429161bf6b2cca2a1) Importer(815301076,1909f56bfc062723c751e8b465ee728b)
Start importing Assets/Materials/Models/naturePack_122.obj using Guid(d9119506539f6e0429161bf6b2cca2a1) Importer(815301076,1909f56bfc062723c751e8b465ee728b)  -> (artifact id: '27c6fa8797f81d3afefc416734909310') in 0.029153 seconds 
  Import took 0.031753 seconds .

========================================================================
Received Import Request.
  Time since last request: 0.000231 seconds.
  path: Assets/Materials/Models/naturePack_125.obj
  artifactKey: Guid(cb3fd80b6e43d0846b3b89fc4ff0886d) Importer(815301076,1909f56bfc062723c751e8b465ee728b)
Start importing Assets/Materials/Models/naturePack_125.obj using Guid(cb3fd80b6e43d0846b3b89fc4ff0886d) Importer(815301076,1909f56bfc062723c751e8b465ee728b)  -> (artifact id: '41bbd81fc1125fc51b390eccc955df22') in 0.041460 seconds 
  Import took 0.043855 seconds .

========================================================================
Received Import Request.
  Time since last request: 2.024458 seconds.
  path: Assets/Materials/Models/naturePack_127.obj
  artifactKey: Guid(81d4b0a8cc499f740bdacd13775aaae9) Importer(815301076,1909f56bfc062723c751e8b465ee728b)
Start importing Assets/Materials/Models/naturePack_127.obj using Guid(81d4b0a8cc499f740bdacd13775aaae9) Importer(815301076,1909f56bfc062723c751e8b465ee728b)  -> (artifact id: '7757674d1b34cd590959aac74714f13f') in 0.032610 seconds 
  Import took 0.035359 seconds .

========================================================================
Received Import Request.
  Time since last request: 0.000271 seconds.
  path: Assets/Materials/Models/naturePack_131.obj
  artifactKey: Guid(6f039c7525d21ae4d91decd066edcffc) Importer(815301076,1909f56bfc062723c751e8b465ee728b)
Start importing Assets/Materials/Models/naturePack_131.obj using Guid(6f039c7525d21ae4d91decd066edcffc) Importer(815301076,1909f56bfc062723c751e8b465ee728b)  -> (artifact id: '8536b300053cb583ebbd82560805fcda') in 0.036809 seconds 
  Import took 0.039224 seconds .

========================================================================
Received Import Request.
  Time since last request: 0.000227 seconds.
  path: Assets/Materials/Models/naturePack_129.obj
  artifactKey: Guid(a1bd7a7a2df736045bccecc469935504) Importer(815301076,1909f56bfc062723c751e8b465ee728b)
Start importing Assets/Materials/Models/naturePack_129.obj using Guid(a1bd7a7a2df736045bccecc469935504) Importer(815301076,1909f56bfc062723c751e8b465ee728b)  -> (artifact id: '682cb164a5fd3bf8cd6c7c7e52daa77d') in 0.038887 seconds 
  Import took 0.041717 seconds .

========================================================================
Received Import Request.
  Time since last request: 0.000259 seconds.
  path: Assets/Materials/Models/naturePack_139.obj
  artifactKey: Guid(0c8ea304c75c540469f7b28cc0f49e8d) Importer(815301076,1909f56bfc062723c751e8b465ee728b)
Start importing Assets/Materials/Models/naturePack_139.obj using Guid(0c8ea304c75c540469f7b28cc0f49e8d) Importer(815301076,1909f56bfc062723c751e8b465ee728b)  -> (artifact id: '2d8148458d16af05fab1812fc3ab7a6d') in 0.039815 seconds 
  Import took 0.042630 seconds .

========================================================================
Received Import Request.
  Time since last request: 0.000192 seconds.
  path: Assets/Materials/Models/naturePack_137.obj
  artifactKey: Guid(881f3d7d5a3653e4c9ce69271a2fb96e) Importer(815301076,1909f56bfc062723c751e8b465ee728b)
Start importing Assets/Materials/Models/naturePack_137.obj using Guid(881f3d7d5a3653e4c9ce69271a2fb96e) Importer(815301076,1909f56bfc062723c751e8b465ee728b)  -> (artifact id: 'db881faf167edeff9982d0f6fc85553b') in 0.041256 seconds 
  Import took 0.043615 seconds .

========================================================================
Received Import Request.
  Time since last request: 0.000199 seconds.
  path: Assets/Materials/Models/naturePack_136.obj
  artifactKey: Guid(3787107918d5db246bf220bc65231d6d) Importer(815301076,1909f56bfc062723c751e8b465ee728b)
Start importing Assets/Materials/Models/naturePack_136.obj using Guid(3787107918d5db246bf220bc65231d6d) Importer(815301076,1909f56bfc062723c751e8b465ee728b)  -> (artifact id: '4e6f93ee725a0270030eeb73de2990e3') in 0.039587 seconds 
  Import took 0.041870 seconds .

========================================================================
Received Import Request.
  Time since last request: 0.000272 seconds.
  path: Assets/Materials/Models/naturePack_134.obj
  artifactKey: Guid(a55c6ff60a9ef9446bbecddce4716651) Importer(815301076,1909f56bfc062723c751e8b465ee728b)
Start importing Assets/Materials/Models/naturePack_134.obj using Guid(a55c6ff60a9ef9446bbecddce4716651) Importer(815301076,1909f56bfc062723c751e8b465ee728b)  -> (artifact id: '2c22f1fc4eb904c2d4032b4f57b4f4e3') in 0.038965 seconds 
  Import took 0.041323 seconds .

========================================================================
Received Import Request.
  Time since last request: 0.000208 seconds.
  path: Assets/Materials/Models/naturePack_135.obj
  artifactKey: Guid(2b0d7daaf57577244bcad1007c821552) Importer(815301076,1909f56bfc062723c751e8b465ee728b)
Start importing Assets/Materials/Models/naturePack_135.obj using Guid(2b0d7daaf57577244bcad1007c821552) Importer(815301076,1909f56bfc062723c751e8b465ee728b)  -> (artifact id: '2bb6a7d85f4f0c79b6f9d4396fb65f7a') in 0.032128 seconds 
  Import took 0.034500 seconds .

========================================================================
Received Import Request.
  Time since last request: 0.000242 seconds.
  path: Assets/Materials/Models/naturePack_140.obj
  artifactKey: Guid(0176aa9fd82b3e44eacee65bd6188734) Importer(815301076,1909f56bfc062723c751e8b465ee728b)
Start importing Assets/Materials/Models/naturePack_140.obj using Guid(0176aa9fd82b3e44eacee65bd6188734) Importer(815301076,1909f56bfc062723c751e8b465ee728b)  -> (artifact id: '891fab97e10cbe531bf109aa8c31c83f') in 0.043442 seconds 
  Import took 0.045983 seconds .

========================================================================
Received Import Request.
  Time since last request: 0.000292 seconds.
  path: Assets/Materials/Models/naturePack_128.obj
  artifactKey: Guid(43b076e506c045242ac6af40ec6555e4) Importer(815301076,1909f56bfc062723c751e8b465ee728b)
Start importing Assets/Materials/Models/naturePack_128.obj using Guid(43b076e506c045242ac6af40ec6555e4) Importer(815301076,1909f56bfc062723c751e8b465ee728b)  -> (artifact id: 'd51f80c240912181fda49d33dc3adf70') in 0.041228 seconds 
  Import took 0.043615 seconds .

========================================================================
Received Import Request.
  Time since last request: 0.000187 seconds.
  path: Assets/Materials/Models/naturePack_132.obj
  artifactKey: Guid(a0d6ce147cfaee44c9af55310c413f41) Importer(815301076,1909f56bfc062723c751e8b465ee728b)
Start importing Assets/Materials/Models/naturePack_132.obj using Guid(a0d6ce147cfaee44c9af55310c413f41) Importer(815301076,1909f56bfc062723c751e8b465ee728b)  -> (artifact id: 'bc24b39798785f88025e51385a76e71e') in 0.035968 seconds 
  Import took 0.038460 seconds .

========================================================================
Received Import Request.
  Time since last request: 0.000220 seconds.
  path: Assets/Materials/Models/naturePack_133.obj
  artifactKey: Guid(e31cc90c29e74fa45a5c1f8b584874b5) Importer(815301076,1909f56bfc062723c751e8b465ee728b)
Start importing Assets/Materials/Models/naturePack_133.obj using Guid(e31cc90c29e74fa45a5c1f8b584874b5) Importer(815301076,1909f56bfc062723c751e8b465ee728b)  -> (artifact id: '00e3572a02e082d600afd57b00835e31') in 0.039318 seconds 
  Import took 0.042134 seconds .

========================================================================
Received Import Request.
  Time since last request: 0.000187 seconds.
  path: Assets/Materials/Models/naturePack_130.obj
  artifactKey: Guid(6308dfa4bcbdc5c44962082dadfc8ae5) Importer(815301076,1909f56bfc062723c751e8b465ee728b)
Start importing Assets/Materials/Models/naturePack_130.obj using Guid(6308dfa4bcbdc5c44962082dadfc8ae5) Importer(815301076,1909f56bfc062723c751e8b465ee728b)  -> (artifact id: '88b0dde43959327fe6ed047604cf3e85') in 0.043978 seconds 
  Import took 0.046359 seconds .

========================================================================
Received Import Request.
  Time since last request: 0.000187 seconds.
  path: Assets/Materials/Models/naturePack_138.obj
  artifactKey: Guid(9e576672d7e345440b9a02276c6ebcb4) Importer(815301076,1909f56bfc062723c751e8b465ee728b)
Start importing Assets/Materials/Models/naturePack_138.obj using Guid(9e576672d7e345440b9a02276c6ebcb4) Importer(815301076,1909f56bfc062723c751e8b465ee728b)  -> (artifact id: '29364b32df6978ff95e58c455752bfda') in 0.039937 seconds 
  Import took 0.042231 seconds .

========================================================================
Received Import Request.
  Time since last request: 3.464686 seconds.
  path: Assets/Materials/Models/naturePack_141.obj
  artifactKey: Guid(8e78ee8a61faf1f418492d04271f72b3) Importer(815301076,1909f56bfc062723c751e8b465ee728b)
Start importing Assets/Materials/Models/naturePack_141.obj using Guid(8e78ee8a61faf1f418492d04271f72b3) Importer(815301076,1909f56bfc062723c751e8b465ee728b)  -> (artifact id: '4040e3300799df3d4fbf1faad24ddbb2') in 0.046709 seconds 
  Import took 0.049822 seconds .

========================================================================
Received Import Request.
  Time since last request: 0.000256 seconds.
  path: Assets/Materials/Models/naturePack_143.obj
  artifactKey: Guid(20b0fe8864802874c99f9a8c041c15dc) Importer(815301076,1909f56bfc062723c751e8b465ee728b)
Start importing Assets/Materials/Models/naturePack_143.obj using Guid(20b0fe8864802874c99f9a8c041c15dc) Importer(815301076,1909f56bfc062723c751e8b465ee728b)  -> (artifact id: '133cc9cf4b3a230447b2a038671a99c8') in 0.042949 seconds 
  Import took 0.045610 seconds .

========================================================================
Received Import Request.
  Time since last request: 0.000301 seconds.
  path: Assets/Materials/Models/naturePack_145.obj
  artifactKey: Guid(6b80fbe3bb2d9d147bc116f2c57858a0) Importer(815301076,1909f56bfc062723c751e8b465ee728b)
Start importing Assets/Materials/Models/naturePack_145.obj using Guid(6b80fbe3bb2d9d147bc116f2c57858a0) Importer(815301076,1909f56bfc062723c751e8b465ee728b)  -> (artifact id: '06b7de52c230cd6b27ebcd64ed688999') in 0.058665 seconds 
  Import took 0.061048 seconds .

========================================================================
Received Import Request.
  Time since last request: 0.000203 seconds.
  path: Assets/Materials/Models/naturePack_144.obj
  artifactKey: Guid(e2062a28863a6a0429be711a7b111ee1) Importer(815301076,1909f56bfc062723c751e8b465ee728b)
Start importing Assets/Materials/Models/naturePack_144.obj using Guid(e2062a28863a6a0429be711a7b111ee1) Importer(815301076,1909f56bfc062723c751e8b465ee728b)  -> (artifact id: '574f9f0b10715e7a08b36c271fd0ff26') in 0.059216 seconds 
  Import took 0.061536 seconds .

========================================================================
Received Import Request.
  Time since last request: 0.000231 seconds.
  path: Assets/Materials/Models/naturePack_147.obj
  artifactKey: Guid(08471f591d549464dbdb189606cedf6d) Importer(815301076,1909f56bfc062723c751e8b465ee728b)
Start importing Assets/Materials/Models/naturePack_147.obj using Guid(08471f591d549464dbdb189606cedf6d) Importer(815301076,1909f56bfc062723c751e8b465ee728b)  -> (artifact id: '7b33e08d1c94ba5793a935ccda057552') in 0.058616 seconds 
  Import took 0.061011 seconds .

========================================================================
Received Import Request.
  Time since last request: 0.000250 seconds.
  path: Assets/Materials/Models/naturePack_142.obj
  artifactKey: Guid(b0ac3c4318df18c4383227e1a3ba081b) Importer(815301076,1909f56bfc062723c751e8b465ee728b)
Start importing Assets/Materials/Models/naturePack_142.obj using Guid(b0ac3c4318df18c4383227e1a3ba081b) Importer(815301076,1909f56bfc062723c751e8b465ee728b)  -> (artifact id: 'aeea584aeb8d220d0f8a1a6bb5e885e8') in 0.050796 seconds 
  Import took 0.053096 seconds .

========================================================================
Received Import Request.
  Time since last request: 0.000216 seconds.
  path: Assets/Materials/Models/naturePack_146.obj
  artifactKey: Guid(128e5e918e946b3498bce59222ac9adb) Importer(815301076,1909f56bfc062723c751e8b465ee728b)
Start importing Assets/Materials/Models/naturePack_146.obj using Guid(128e5e918e946b3498bce59222ac9adb) Importer(815301076,1909f56bfc062723c751e8b465ee728b)  -> (artifact id: '46651cf259b8f205d7d9d81e9eae836c') in 0.046558 seconds 
  Import took 0.048939 seconds .

========================================================================
Received Import Request.
  Time since last request: 0.076527 seconds.
  path: Assets/Materials/Models/naturePack_148.obj
  artifactKey: Guid(261af92cc62e7434886345ed730bfb78) Importer(815301076,1909f56bfc062723c751e8b465ee728b)
Start importing Assets/Materials/Models/naturePack_148.obj using Guid(261af92cc62e7434886345ed730bfb78) Importer(815301076,1909f56bfc062723c751e8b465ee728b)  -> (artifact id: '967add3244e9182ed35a3ea4726b1dc8') in 0.031991 seconds 
  Import took 0.034549 seconds .

========================================================================
Received Import Request.
  Time since last request: 0.000179 seconds.
  path: Assets/Materials/Models/naturePack_151.obj
  artifactKey: Guid(91a0ead430f880e448dc7eb41db22324) Importer(815301076,1909f56bfc062723c751e8b465ee728b)
Start importing Assets/Materials/Models/naturePack_151.obj using Guid(91a0ead430f880e448dc7eb41db22324) Importer(815301076,1909f56bfc062723c751e8b465ee728b)  -> (artifact id: '980eb06ac167ce98c23d6838ebe03fc5') in 0.034119 seconds 
  Import took 0.036447 seconds .

========================================================================
Received Import Request.
  Time since last request: 0.000191 seconds.
  path: Assets/Materials/Models/naturePack_154.obj
  artifactKey: Guid(d7e6fe0c857ee2f4091753d09172e16d) Importer(815301076,1909f56bfc062723c751e8b465ee728b)
Start importing Assets/Materials/Models/naturePack_154.obj using Guid(d7e6fe0c857ee2f4091753d09172e16d) Importer(815301076,1909f56bfc062723c751e8b465ee728b)  -> (artifact id: '154bf066041d3619f0a5c88c07f0cb1c') in 0.038633 seconds 
  Import took 0.041213 seconds .

========================================================================
Received Import Request.
  Time since last request: 0.000261 seconds.
  path: Assets/Materials/Models/naturePack_149.obj
  artifactKey: Guid(f9c7fbe84d792f9458ea81cce67d44d0) Importer(815301076,1909f56bfc062723c751e8b465ee728b)
Start importing Assets/Materials/Models/naturePack_149.obj using Guid(f9c7fbe84d792f9458ea81cce67d44d0) Importer(815301076,1909f56bfc062723c751e8b465ee728b)  -> (artifact id: '05de5bd2ce047af51ef7cecc7b56210e') in 0.046155 seconds 
  Import took 0.048605 seconds .

========================================================================
Received Import Request.
  Time since last request: 0.000262 seconds.
  path: Assets/Materials/Models/naturePack_152.obj
  artifactKey: Guid(f28dc0fb5a4ebd14e8a1633b88ce7ab9) Importer(815301076,1909f56bfc062723c751e8b465ee728b)
Start importing Assets/Materials/Models/naturePack_152.obj using Guid(f28dc0fb5a4ebd14e8a1633b88ce7ab9) Importer(815301076,1909f56bfc062723c751e8b465ee728b)  -> (artifact id: '99c744bc55782699c555bf02f4f9fa81') in 0.033757 seconds 
  Import took 0.036501 seconds .

========================================================================
Received Import Request.
  Time since last request: 0.000232 seconds.
  path: Assets/Materials/Models/naturePack_150.obj
  artifactKey: Guid(af9523ac6d1439a499de545e8bd6dff5) Importer(815301076,1909f56bfc062723c751e8b465ee728b)
Start importing Assets/Materials/Models/naturePack_150.obj using Guid(af9523ac6d1439a499de545e8bd6dff5) Importer(815301076,1909f56bfc062723c751e8b465ee728b)  -> (artifact id: '1aa58cd7f6d996a3abdd8c9ebd7fd4c5') in 0.045759 seconds 
  Import took 0.048312 seconds .

========================================================================
Received Import Request.
  Time since last request: 0.000220 seconds.
  path: Assets/Materials/Models/naturePack_153.obj
  artifactKey: Guid(a6ebb771f002d864a8be38b2a8bd7d7b) Importer(815301076,1909f56bfc062723c751e8b465ee728b)
Start importing Assets/Materials/Models/naturePack_153.obj using Guid(a6ebb771f002d864a8be38b2a8bd7d7b) Importer(815301076,1909f56bfc062723c751e8b465ee728b)  -> (artifact id: 'd196c69c827b4799e57d9c367587791e') in 0.042052 seconds 
  Import took 0.044313 seconds .

========================================================================
Received Import Request.
  Time since last request: 6.149936 seconds.
  path: Assets/Materials/Models/naturePack_155.obj
  artifactKey: Guid(5a2760dd888a88a409b6b032c3f1fa5e) Importer(815301076,1909f56bfc062723c751e8b465ee728b)
Start importing Assets/Materials/Models/naturePack_155.obj using Guid(5a2760dd888a88a409b6b032c3f1fa5e) Importer(815301076,1909f56bfc062723c751e8b465ee728b)  -> (artifact id: '08e769ab037e96e36ad057bd585d8d57') in 0.039969 seconds 
  Import took 0.042758 seconds .

========================================================================
Received Import Request.
  Time since last request: 0.000248 seconds.
  path: Assets/Materials/Models/naturePack_161.obj
  artifactKey: Guid(71bcb2e01262ce44e9061429884c29b0) Importer(815301076,1909f56bfc062723c751e8b465ee728b)
Start importing Assets/Materials/Models/naturePack_161.obj using Guid(71bcb2e01262ce44e9061429884c29b0) Importer(815301076,1909f56bfc062723c751e8b465ee728b)  -> (artifact id: '1e144ddc7200836e19230e6fa3dd68b5') in 0.045496 seconds 
  Import took 0.048280 seconds .

========================================================================
Received Import Request.
  Time since last request: 0.000265 seconds.
  path: Assets/Materials/Models/naturePack_156.obj
  artifactKey: Guid(5452b47a95a321649ab123d44a319186) Importer(815301076,1909f56bfc062723c751e8b465ee728b)
Start importing Assets/Materials/Models/naturePack_156.obj using Guid(5452b47a95a321649ab123d44a319186) Importer(815301076,1909f56bfc062723c751e8b465ee728b)  -> (artifact id: '428158991af05ddf56d01d439a4b87fe') in 0.053105 seconds 
  Import took 0.055371 seconds .

========================================================================
Received Import Request.
  Time since last request: 0.000213 seconds.
  path: Assets/Materials/Models/naturePack_160.obj
  artifactKey: Guid(57b8ff750a3de4949a8d3257fb1091c2) Importer(815301076,1909f56bfc062723c751e8b465ee728b)
Start importing Assets/Materials/Models/naturePack_160.obj using Guid(57b8ff750a3de4949a8d3257fb1091c2) Importer(815301076,1909f56bfc062723c751e8b465ee728b)  -> (artifact id: '8955a5eaf782fc0901708f816b6fb88e') in 0.050591 seconds 
  Import took 0.052952 seconds .

========================================================================
Received Import Request.
  Time since last request: 0.000205 seconds.
  path: Assets/Materials/Models/naturePack_159.obj
  artifactKey: Guid(034a300ed07dd4e448e16d78180d8e3d) Importer(815301076,1909f56bfc062723c751e8b465ee728b)
Start importing Assets/Materials/Models/naturePack_159.obj using Guid(034a300ed07dd4e448e16d78180d8e3d) Importer(815301076,1909f56bfc062723c751e8b465ee728b)  -> (artifact id: 'f2f98a091562bf0b9f9e078a07556471') in 0.053468 seconds 
  Import took 0.055935 seconds .

========================================================================
Received Import Request.
  Time since last request: 0.000366 seconds.
  path: Assets/Materials/Models/naturePack_166.obj
  artifactKey: Guid(7a9ec87f7df64f6458bb1146a74cde4f) Importer(815301076,1909f56bfc062723c751e8b465ee728b)
Start importing Assets/Materials/Models/naturePack_166.obj using Guid(7a9ec87f7df64f6458bb1146a74cde4f) Importer(815301076,1909f56bfc062723c751e8b465ee728b)  -> (artifact id: 'aa92585196b5248ee59899202a1ea44e') in 0.042336 seconds 
  Import took 0.044727 seconds .

========================================================================
Received Import Request.
  Time since last request: 0.000210 seconds.
  path: Assets/Materials/Models/naturePack_163.obj
  artifactKey: Guid(a83a5d30b35868b40a3a91864c8d16a8) Importer(815301076,1909f56bfc062723c751e8b465ee728b)
Start importing Assets/Materials/Models/naturePack_163.obj using Guid(a83a5d30b35868b40a3a91864c8d16a8) Importer(815301076,1909f56bfc062723c751e8b465ee728b)  -> (artifact id: 'be9917e87f62173e9c37cee6dbfb021b') in 0.043271 seconds 
  Import took 0.046075 seconds .

========================================================================
Received Import Request.
  Time since last request: 0.000178 seconds.
  path: Assets/Materials/Models/naturePack_168.obj
  artifactKey: Guid(9d77f24ed3e43d7458e1db0f61986f12) Importer(815301076,1909f56bfc062723c751e8b465ee728b)
Start importing Assets/Materials/Models/naturePack_168.obj using Guid(9d77f24ed3e43d7458e1db0f61986f12) Importer(815301076,1909f56bfc062723c751e8b465ee728b)  -> (artifact id: 'e78e7a01eac1540388b20eed42ad0e08') in 0.060888 seconds 
  Import took 0.063226 seconds .

========================================================================
Received Import Request.
  Time since last request: 0.000220 seconds.
  path: Assets/Materials/Models/naturePack_175.obj
  artifactKey: Guid(d8083f7017e699a4f9a4e56518e93fe9) Importer(815301076,1909f56bfc062723c751e8b465ee728b)
Start importing Assets/Materials/Models/naturePack_175.obj using Guid(d8083f7017e699a4f9a4e56518e93fe9) Importer(815301076,1909f56bfc062723c751e8b465ee728b)  -> (artifact id: 'df76e8030c3b0dc4cd0c6b99f57efbef') in 0.037854 seconds 
  Import took 0.040211 seconds .

========================================================================
Received Import Request.
  Time since last request: 0.000244 seconds.
  path: Assets/Materials/Models/naturePack_172.obj
  artifactKey: Guid(6ec4b8bd026847b42a1b298fb26de6e5) Importer(815301076,1909f56bfc062723c751e8b465ee728b)
Start importing Assets/Materials/Models/naturePack_172.obj using Guid(6ec4b8bd026847b42a1b298fb26de6e5) Importer(815301076,1909f56bfc062723c751e8b465ee728b)  -> (artifact id: '909e002376ca597006ae494a28fe5a0a') in 0.040484 seconds 
  Import took 0.042843 seconds .

========================================================================
Received Import Request.
  Time since last request: 0.000179 seconds.
  path: Assets/Materials/Models/naturePack_170.obj
  artifactKey: Guid(873906977b384954d967e97813c8e14a) Importer(815301076,1909f56bfc062723c751e8b465ee728b)
Start importing Assets/Materials/Models/naturePack_170.obj using Guid(873906977b384954d967e97813c8e14a) Importer(815301076,1909f56bfc062723c751e8b465ee728b)  -> (artifact id: 'fe23252c5332d59e12b34dcb4745769c') in 0.042509 seconds 
  Import took 0.045187 seconds .

========================================================================
Received Import Request.
  Time since last request: 0.000320 seconds.
  path: Assets/Materials/Models/naturePack_169.obj
  artifactKey: Guid(3ed38c87d636e2649806b778ff54ef22) Importer(815301076,1909f56bfc062723c751e8b465ee728b)
Start importing Assets/Materials/Models/naturePack_169.obj using Guid(3ed38c87d636e2649806b778ff54ef22) Importer(815301076,1909f56bfc062723c751e8b465ee728b)  -> (artifact id: 'b3553165afe420b7e2dcbb536c15477b') in 0.052808 seconds 
  Import took 0.055254 seconds .

========================================================================
Received Import Request.
  Time since last request: 0.000217 seconds.
  path: Assets/Materials/Models/naturePack_174.obj
  artifactKey: Guid(27fec541da120e24a8c1e8bcfa126a22) Importer(815301076,1909f56bfc062723c751e8b465ee728b)
Start importing Assets/Materials/Models/naturePack_174.obj using Guid(27fec541da120e24a8c1e8bcfa126a22) Importer(815301076,1909f56bfc062723c751e8b465ee728b)  -> (artifact id: '88a676bea368b3da42b5a8a7389d44f1') in 0.036936 seconds 
  Import took 0.039341 seconds .

========================================================================
Received Import Request.
  Time since last request: 0.000221 seconds.
  path: Assets/Materials/Models/naturePack_164.obj
  artifactKey: Guid(ea56697b7f0b0114aaaf7cf9c917c90c) Importer(815301076,1909f56bfc062723c751e8b465ee728b)
Start importing Assets/Materials/Models/naturePack_164.obj using Guid(ea56697b7f0b0114aaaf7cf9c917c90c) Importer(815301076,1909f56bfc062723c751e8b465ee728b)  -> (artifact id: '2fbb9914d5d5794716073052bf60fdff') in 0.042589 seconds 
  Import took 0.044896 seconds .

========================================================================
Received Import Request.
  Time since last request: 0.000187 seconds.
  path: Assets/Materials/Models/naturePack_171.obj
  artifactKey: Guid(39a1be1db4330b8448f63471b0096fce) Importer(815301076,1909f56bfc062723c751e8b465ee728b)
Start importing Assets/Materials/Models/naturePack_171.obj using Guid(39a1be1db4330b8448f63471b0096fce) Importer(815301076,1909f56bfc062723c751e8b465ee728b)  -> (artifact id: 'be8b9aa6496ab8ef4f3ebfe7866221b9') in 0.033336 seconds 
  Import took 0.035632 seconds .

========================================================================
Received Import Request.
  Time since last request: 0.000240 seconds.
  path: Assets/Materials/Models/naturePack_173.obj
  artifactKey: Guid(29bb40c58075a2544bbc18a444a23add) Importer(815301076,1909f56bfc062723c751e8b465ee728b)
Start importing Assets/Materials/Models/naturePack_173.obj using Guid(29bb40c58075a2544bbc18a444a23add) Importer(815301076,1909f56bfc062723c751e8b465ee728b)  -> (artifact id: 'dcf1d9d9e189335d26554b942b38686d') in 0.036911 seconds 
  Import took 0.039506 seconds .

========================================================================
Received Import Request.
  Time since last request: 0.000245 seconds.
  path: Assets/Materials/Models/naturePack_165.obj
  artifactKey: Guid(67771482e0e9aef4980841c1c407772c) Importer(815301076,1909f56bfc062723c751e8b465ee728b)
Start importing Assets/Materials/Models/naturePack_165.obj using Guid(67771482e0e9aef4980841c1c407772c) Importer(815301076,1909f56bfc062723c751e8b465ee728b)  -> (artifact id: '046dda25f75fb24c4e19ba9a4b7d4d79') in 0.042623 seconds 
  Import took 0.045108 seconds .

========================================================================
Received Import Request.
  Time since last request: 0.000185 seconds.
  path: Assets/Materials/Models/naturePack_167.obj
  artifactKey: Guid(e725b64b2f957e346aaaa7bdb86be0d2) Importer(815301076,1909f56bfc062723c751e8b465ee728b)
Start importing Assets/Materials/Models/naturePack_167.obj using Guid(e725b64b2f957e346aaaa7bdb86be0d2) Importer(815301076,1909f56bfc062723c751e8b465ee728b)  -> (artifact id: '41cb099ae370dd56640376e8a5712250') in 0.043327 seconds 
  Import took 0.045616 seconds .

========================================================================
Received Import Request.
  Time since last request: 0.000222 seconds.
  path: Assets/Materials/Models/naturePack_158.obj
  artifactKey: Guid(694e14d4cb93bb244a87115975882782) Importer(815301076,1909f56bfc062723c751e8b465ee728b)
Start importing Assets/Materials/Models/naturePack_158.obj using Guid(694e14d4cb93bb244a87115975882782) Importer(815301076,1909f56bfc062723c751e8b465ee728b)  -> (artifact id: '55d6dcffe5d00cf0ba040be426553c84') in 0.033487 seconds 
  Import took 0.035748 seconds .

========================================================================
Received Import Request.
  Time since last request: 0.000183 seconds.
  path: Assets/Materials/Models/naturePack_157.obj
  artifactKey: Guid(062422807413681409dcfcbc93598969) Importer(815301076,1909f56bfc062723c751e8b465ee728b)
Start importing Assets/Materials/Models/naturePack_157.obj using Guid(062422807413681409dcfcbc93598969) Importer(815301076,1909f56bfc062723c751e8b465ee728b)  -> (artifact id: '8346941aac9cd330b4462d8f28406d63') in 0.026073 seconds 
  Import took 0.028347 seconds .

========================================================================
Received Import Request.
  Time since last request: 0.000192 seconds.
  path: Assets/Materials/Models/naturePack_162.obj
  artifactKey: Guid(057ec29d0611e38439ec023ada6bf71e) Importer(815301076,1909f56bfc062723c751e8b465ee728b)
Start importing Assets/Materials/Models/naturePack_162.obj using Guid(057ec29d0611e38439ec023ada6bf71e) Importer(815301076,1909f56bfc062723c751e8b465ee728b)  -> (artifact id: 'da13790ae2275541437b1219614ffd67') in 0.031889 seconds 
  Import took 0.034216 seconds .

========================================================================
Received Import Request.
  Time since last request: 1.754190 seconds.
  path: Assets/Materials/Models/naturePack_flat_001.obj
  artifactKey: Guid(3250e3f89e6e7a8449240bd7b14698c9) Importer(815301076,1909f56bfc062723c751e8b465ee728b)
Start importing Assets/Materials/Models/naturePack_flat_001.obj using Guid(3250e3f89e6e7a8449240bd7b14698c9) Importer(815301076,1909f56bfc062723c751e8b465ee728b)  -> (artifact id: '404f0b1e746ba1d3fa1df0208dbfe438') in 0.033806 seconds 
  Import took 0.036889 seconds .

========================================================================
Received Import Request.
  Time since last request: 0.000266 seconds.
  path: Assets/Materials/Models/naturePack_flat_006.obj
  artifactKey: Guid(1bd9e7c0212483747bb1b4579534fdfa) Importer(815301076,1909f56bfc062723c751e8b465ee728b)
Start importing Assets/Materials/Models/naturePack_flat_006.obj using Guid(1bd9e7c0212483747bb1b4579534fdfa) Importer(815301076,1909f56bfc062723c751e8b465ee728b)  -> (artifact id: '0a5c1e51aad6dcf6bb4cbeaaa84f95fc') in 0.076539 seconds 
  Import took 0.079206 seconds .

========================================================================
Received Import Request.
  Time since last request: 0.000251 seconds.
  path: Assets/Materials/Models/naturePack_flat_005.obj
  artifactKey: Guid(4b84625742c5e494fba8d5b0a70e5b99) Importer(815301076,1909f56bfc062723c751e8b465ee728b)
Start importing Assets/Materials/Models/naturePack_flat_005.obj using Guid(4b84625742c5e494fba8d5b0a70e5b99) Importer(815301076,1909f56bfc062723c751e8b465ee728b)  -> (artifact id: 'd45ddd1de57eaf5287ab1f4c50604a1c') in 0.080430 seconds 
  Import took 0.082769 seconds .

========================================================================
Received Import Request.
  Time since last request: 0.000227 seconds.
  path: Assets/Materials/Models/naturePack_flat_004.obj
  artifactKey: Guid(594d6fdde0bd66148b5af382c445cc2f) Importer(815301076,1909f56bfc062723c751e8b465ee728b)
Start importing Assets/Materials/Models/naturePack_flat_004.obj using Guid(594d6fdde0bd66148b5af382c445cc2f) Importer(815301076,1909f56bfc062723c751e8b465ee728b)  -> (artifact id: '581d208af51173b591eea4f67651bd7a') in 0.048984 seconds 
  Import took 0.051474 seconds .

========================================================================
Received Import Request.
  Time since last request: 0.000182 seconds.
  path: Assets/Materials/Models/naturePack_flat_003.obj
  artifactKey: Guid(f6f26150898bb1849afd8b47ad055596) Importer(815301076,1909f56bfc062723c751e8b465ee728b)
Start importing Assets/Materials/Models/naturePack_flat_003.obj using Guid(f6f26150898bb1849afd8b47ad055596) Importer(815301076,1909f56bfc062723c751e8b465ee728b)  -> (artifact id: '901fc22213c9a99af67c61b843d1570e') in 0.036786 seconds 
  Import took 0.039260 seconds .

========================================================================
Received Import Request.
  Time since last request: 0.000214 seconds.
  path: Assets/Materials/Models/naturePack_flat_002.obj
  artifactKey: Guid(aa60e3c5154db2b4ab28173d111a44e5) Importer(815301076,1909f56bfc062723c751e8b465ee728b)
Start importing Assets/Materials/Models/naturePack_flat_002.obj using Guid(aa60e3c5154db2b4ab28173d111a44e5) Importer(815301076,1909f56bfc062723c751e8b465ee728b)  -> (artifact id: 'e7c2b828a65bf7fdb4e4dbd10a4fbbff') in 0.052241 seconds 
  Import took 0.054552 seconds .

========================================================================
Received Import Request.
  Time since last request: 0.000305 seconds.
  path: Assets/Materials/Models/naturePack_flat_007.obj
  artifactKey: Guid(ab61d8a84d446b04d9c424f00a906bbe) Importer(815301076,1909f56bfc062723c751e8b465ee728b)
Start importing Assets/Materials/Models/naturePack_flat_007.obj using Guid(ab61d8a84d446b04d9c424f00a906bbe) Importer(815301076,1909f56bfc062723c751e8b465ee728b)  -> (artifact id: '5eaff028dae2439c9345f4c0d29bcdf6') in 0.041709 seconds 
  Import took 0.044289 seconds .

========================================================================
Received Import Request.
  Time since last request: 2.624879 seconds.
  path: Assets/Materials/Models/naturePack_flat_008.obj
  artifactKey: Guid(343921171aea6ad4dbc0f79868c4b96b) Importer(815301076,1909f56bfc062723c751e8b465ee728b)
Start importing Assets/Materials/Models/naturePack_flat_008.obj using Guid(343921171aea6ad4dbc0f79868c4b96b) Importer(815301076,1909f56bfc062723c751e8b465ee728b)  -> (artifact id: 'a16e7e4c3660c72f1660bcfb0346ba5c') in 0.069882 seconds 
  Import took 0.072726 seconds .

========================================================================
Received Import Request.
  Time since last request: 0.000240 seconds.
  path: Assets/Materials/Models/naturePack_flat_010.obj
  artifactKey: Guid(c59e0d899b733324a879abca28a3d5b8) Importer(815301076,1909f56bfc062723c751e8b465ee728b)
Start importing Assets/Materials/Models/naturePack_flat_010.obj using Guid(c59e0d899b733324a879abca28a3d5b8) Importer(815301076,1909f56bfc062723c751e8b465ee728b)  -> (artifact id: 'a8cc98c0766429e93462269b3c4b9f3c') in 0.078887 seconds 
  Import took 0.081349 seconds .

========================================================================
Received Import Request.
  Time since last request: 0.000195 seconds.
  path: Assets/Materials/Models/naturePack_flat_011.obj
  artifactKey: Guid(3cb476c6ff81a594bac78f7379287851) Importer(815301076,1909f56bfc062723c751e8b465ee728b)
Start importing Assets/Materials/Models/naturePack_flat_011.obj using Guid(3cb476c6ff81a594bac78f7379287851) Importer(815301076,1909f56bfc062723c751e8b465ee728b)  -> (artifact id: '5f661d4d8de02f46beaa3f382dfd66a6') in 0.082767 seconds 
  Import took 0.085130 seconds .

========================================================================
Received Import Request.
  Time since last request: 0.000179 seconds.
  path: Assets/Materials/Models/naturePack_flat_013.obj
  artifactKey: Guid(b3eec5a72dbc3394ab26cd2901b0e24f) Importer(815301076,1909f56bfc062723c751e8b465ee728b)
Start importing Assets/Materials/Models/naturePack_flat_013.obj using Guid(b3eec5a72dbc3394ab26cd2901b0e24f) Importer(815301076,1909f56bfc062723c751e8b465ee728b)  -> (artifact id: '625bd9d5b9a483abc3019c6ad88715e6') in 0.049765 seconds 
  Import took 0.052460 seconds .

========================================================================
Received Import Request.
  Time since last request: 0.000264 seconds.
  path: Assets/Materials/Models/naturePack_flat_012.obj
  artifactKey: Guid(63a74302106c85b439de40fb66f97944) Importer(815301076,1909f56bfc062723c751e8b465ee728b)
Start importing Assets/Materials/Models/naturePack_flat_012.obj using Guid(63a74302106c85b439de40fb66f97944) Importer(815301076,1909f56bfc062723c751e8b465ee728b)  -> (artifact id: '9ce5aac17412458645239228f23e5977') in 0.069667 seconds 
  Import took 0.071982 seconds .

========================================================================
Received Import Request.
  Time since last request: 0.000190 seconds.
  path: Assets/Materials/Models/naturePack_flat_009.obj
  artifactKey: Guid(9b23625fa32fc0b4f86c602ca5628aa2) Importer(815301076,1909f56bfc062723c751e8b465ee728b)
Start importing Assets/Materials/Models/naturePack_flat_009.obj using Guid(9b23625fa32fc0b4f86c602ca5628aa2) Importer(815301076,1909f56bfc062723c751e8b465ee728b)  -> (artifact id: '0034c354cfbb6c78389bf70c5914d736') in 0.075682 seconds 
  Import took 0.078024 seconds .

========================================================================
Received Prepare
Registering precompiled user dll's ...
Registered in 0.005659 seconds.
Begin MonoManager ReloadAssembly
Native extension for LinuxStandalone target not found
Native extension for WindowsStandalone target not found
Native extension for OSXStandalone target not found
Native extension for WebGL target not found
Refreshing native plugins compatible for Editor in 0.35 ms, found 2 plugins.
Preloading 0 native plugins for Editor in 0.00 ms.
Mono: successfully reloaded assembly
- Completed reload, in  0.969 seconds
Domain Reload Profiling:
	ReloadAssembly (970ms)
		BeginReloadAssembly (105ms)
			ExecutionOrderSort (0ms)
			DisableScriptedObjects (4ms)
			BackupInstance (0ms)
			ReleaseScriptingObjects (0ms)
			CreateAndSetChildDomain (33ms)
		EndReloadAssembly (807ms)
			LoadAssemblies (86ms)
			RebuildTransferFunctionScriptingTraits (0ms)
			SetupTypeCache (278ms)
			ReleaseScriptCaches (1ms)
			RebuildScriptCaches (37ms)
			SetupLoadedEditorAssemblies (312ms)
				LogAssemblyErrors (0ms)
				InitializePlatformSupportModulesInManaged (7ms)
				SetLoadedEditorAssemblies (0ms)
				RefreshPlugins (0ms)
				BeforeProcessingInitializeOnLoad (95ms)
				ProcessInitializeOnLoadAttributes (189ms)
				ProcessInitializeOnLoadMethodAttributes (10ms)
				AfterProcessingInitializeOnLoad (10ms)
				EditorAssembliesLoaded (0ms)
			ExecutionOrderSort2 (0ms)
			AwakeInstancesAfterBackupRestoration (8ms)
Platform modules already initialized, skipping
Refreshing native plugins compatible for Editor in 0.39 ms, found 2 plugins.
Preloading 0 native plugins for Editor in 0.00 ms.
Unloading 1499 Unused Serialized files (Serialized files now loaded: 0)
System memory in use before: 73.3 MB.
System memory in use after: 73.4 MB.

Unloading 14 unused Assets to reduce memory usage. Loaded Objects now: 1984.
Total: 2.383800 ms (FindLiveObjects: 0.170800 ms CreateObjectMapping: 0.070200 ms MarkObjects: 2.126400 ms  DeleteObjects: 0.015500 ms)

AssetImportParameters requested are different than current active one (requested -> active):
  custom:framework-win-MediaFoundation: 216162199b28c13a410421893ffa2e32 -> 
  custom:video-decoder-ogg-theora: a1e56fd34408186e4bbccfd4996cb3dc -> 
  custom:container-muxer-webm: aa71ff27fc2769a1b78a27578f13a17b -> 
  custom:container-demuxer-webm: 4f35f7cbe854078d1ac9338744f61a02 -> 
  custom:container-demuxer-ogg: 62fdf1f143b41e24485cea50d1cbac27 -> 
  custom:video-encoder-webm-vp8: eb34c28f22e8b96e1ab97ce403110664 -> 
  custom:video-codec-MediaFoundation-h265: 746d11721c4dcdbdad8f713fa42b33f4 -> 
  custom:video-decoder-webm-vp8: 9c59270c3fd7afecdb556c50c9e8de78 -> 
  custom:audio-decoder-ogg-vorbis: bf7c407c2cedff20999df2af8eb42d56 -> 
  custom:audio-encoder-webm-vorbis: bf7c407c2cedff20999df2af8eb42d56 -> 
========================================================================
Received Prepare
Registering precompiled user dll's ...
Registered in 0.009223 seconds.
Begin MonoManager ReloadAssembly
Native extension for LinuxStandalone target not found
Native extension for WindowsStandalone target not found
Native extension for OSXStandalone target not found
Native extension for WebGL target not found
Refreshing native plugins compatible for Editor in 0.38 ms, found 2 plugins.
Preloading 0 native plugins for Editor in 0.00 ms.
Mono: successfully reloaded assembly
- Completed reload, in  1.068 seconds
Domain Reload Profiling:
	ReloadAssembly (1068ms)
		BeginReloadAssembly (132ms)
			ExecutionOrderSort (0ms)
			DisableScriptedObjects (5ms)
			BackupInstance (0ms)
			ReleaseScriptingObjects (0ms)
			CreateAndSetChildDomain (39ms)
		EndReloadAssembly (860ms)
			LoadAssemblies (110ms)
			RebuildTransferFunctionScriptingTraits (0ms)
			SetupTypeCache (336ms)
			ReleaseScriptCaches (1ms)
			RebuildScriptCaches (43ms)
			SetupLoadedEditorAssemblies (280ms)
				LogAssemblyErrors (0ms)
				InitializePlatformSupportModulesInManaged (10ms)
				SetLoadedEditorAssemblies (1ms)
				RefreshPlugins (0ms)
				BeforeProcessingInitializeOnLoad (94ms)
				ProcessInitializeOnLoadAttributes (159ms)
				ProcessInitializeOnLoadMethodAttributes (7ms)
				AfterProcessingInitializeOnLoad (8ms)
				EditorAssembliesLoaded (0ms)
			ExecutionOrderSort2 (0ms)
			AwakeInstancesAfterBackupRestoration (6ms)
Platform modules already initialized, skipping
Refreshing native plugins compatible for Editor in 0.36 ms, found 2 plugins.
Preloading 0 native plugins for Editor in 0.00 ms.
Unloading 1499 Unused Serialized files (Serialized files now loaded: 0)
System memory in use before: 73.3 MB.
System memory in use after: 73.4 MB.

Unloading 14 unused Assets to reduce memory usage. Loaded Objects now: 1986.
Total: 2.408200 ms (FindLiveObjects: 0.148500 ms CreateObjectMapping: 0.052600 ms MarkObjects: 2.191900 ms  DeleteObjects: 0.014200 ms)

AssetImportParameters requested are different than current active one (requested -> active):
  custom:framework-win-MediaFoundation: 216162199b28c13a410421893ffa2e32 -> 
  custom:video-decoder-ogg-theora: a1e56fd34408186e4bbccfd4996cb3dc -> 
  custom:container-muxer-webm: aa71ff27fc2769a1b78a27578f13a17b -> 
  custom:container-demuxer-webm: 4f35f7cbe854078d1ac9338744f61a02 -> 
  custom:container-demuxer-ogg: 62fdf1f143b41e24485cea50d1cbac27 -> 
  custom:video-encoder-webm-vp8: eb34c28f22e8b96e1ab97ce403110664 -> 
  custom:video-codec-MediaFoundation-h265: 746d11721c4dcdbdad8f713fa42b33f4 -> 
  custom:video-decoder-webm-vp8: 9c59270c3fd7afecdb556c50c9e8de78 -> 
  custom:audio-decoder-ogg-vorbis: bf7c407c2cedff20999df2af8eb42d56 -> 
  custom:audio-encoder-webm-vorbis: bf7c407c2cedff20999df2af8eb42d56 -> 
========================================================================
Received Prepare
Registering precompiled user dll's ...
Registered in 0.005985 seconds.
Begin MonoManager ReloadAssembly
Native extension for LinuxStandalone target not found
Native extension for WindowsStandalone target not found
Native extension for OSXStandalone target not found
Native extension for WebGL target not found
Refreshing native plugins compatible for Editor in 0.38 ms, found 2 plugins.
Preloading 0 native plugins for Editor in 0.00 ms.
Mono: successfully reloaded assembly
- Completed reload, in  0.907 seconds
Domain Reload Profiling:
	ReloadAssembly (908ms)
		BeginReloadAssembly (119ms)
			ExecutionOrderSort (0ms)
			DisableScriptedObjects (4ms)
			BackupInstance (0ms)
			ReleaseScriptingObjects (0ms)
			CreateAndSetChildDomain (31ms)
		EndReloadAssembly (726ms)
			LoadAssemblies (84ms)
			RebuildTransferFunctionScriptingTraits (0ms)
			SetupTypeCache (243ms)
			ReleaseScriptCaches (1ms)
			RebuildScriptCaches (37ms)
			SetupLoadedEditorAssemblies (280ms)
				LogAssemblyErrors (0ms)
				InitializePlatformSupportModulesInManaged (7ms)
				SetLoadedEditorAssemblies (0ms)
				RefreshPlugins (0ms)
				BeforeProcessingInitializeOnLoad (89ms)
				ProcessInitializeOnLoadAttributes (164ms)
				ProcessInitializeOnLoadMethodAttributes (8ms)
				AfterProcessingInitializeOnLoad (11ms)
				EditorAssembliesLoaded (0ms)
			ExecutionOrderSort2 (0ms)
			AwakeInstancesAfterBackupRestoration (8ms)
Platform modules already initialized, skipping
Refreshing native plugins compatible for Editor in 0.39 ms, found 2 plugins.
Preloading 0 native plugins for Editor in 0.00 ms.
Unloading 1499 Unused Serialized files (Serialized files now loaded: 0)
System memory in use before: 73.4 MB.
System memory in use after: 73.5 MB.

Unloading 14 unused Assets to reduce memory usage. Loaded Objects now: 1988.
Total: 2.280300 ms (FindLiveObjects: 0.152500 ms CreateObjectMapping: 0.060100 ms MarkObjects: 2.050600 ms  DeleteObjects: 0.016100 ms)

AssetImportParameters requested are different than current active one (requested -> active):
  custom:framework-win-MediaFoundation: 216162199b28c13a410421893ffa2e32 -> 
  custom:video-decoder-ogg-theora: a1e56fd34408186e4bbccfd4996cb3dc -> 
  custom:container-muxer-webm: aa71ff27fc2769a1b78a27578f13a17b -> 
  custom:container-demuxer-webm: 4f35f7cbe854078d1ac9338744f61a02 -> 
  custom:container-demuxer-ogg: 62fdf1f143b41e24485cea50d1cbac27 -> 
  custom:video-encoder-webm-vp8: eb34c28f22e8b96e1ab97ce403110664 -> 
  custom:video-codec-MediaFoundation-h265: 746d11721c4dcdbdad8f713fa42b33f4 -> 
  custom:video-decoder-webm-vp8: 9c59270c3fd7afecdb556c50c9e8de78 -> 
  custom:audio-decoder-ogg-vorbis: bf7c407c2cedff20999df2af8eb42d56 -> 
  custom:audio-encoder-webm-vorbis: bf7c407c2cedff20999df2af8eb42d56 -> 
AssetImportWorkerClient::OnTransportError - code=2 error=End of file
